<?xml version="1.0" encoding="UTF-8"?>
<!-- Generated by org.testng.reporters.JUnitXMLReporter -->
<testsuite ignored="0" hostname="LAPTOP-DSUTNRT2" failures="0" tests="15" name="Default test" time="52.067" errors="0" timestamp="2026-08-19T11:22:00 IST">
  <testcase classname="Trigonometry.sin_testcase" name="sin30" time="4.485"/>
  <testcase classname="Trigonometry.sin_testcase" name="sin60" time="4.35"/>
  <testcase classname="Trigonometry.sin_testcase" name="sin45" time="4.363"/>
  <testcase classname="Trigonometry.sin_testcase" name="sin90" time="4.367"/>
  <testcase classname="Trigonometry.sin_testcase" name="sinpi" time="3.244"/>
  <testcase classname="Trigonometry.cos_testcase" name="cos30" time="3.366"/>
  <testcase classname="Trigonometry.cos_testcase" name="cos45" time="3.318"/>
  <testcase classname="Trigonometry.cos_testcase" name="cos60" time="3.266"/>
  <testcase classname="Trigonometry.cos_testcase" name="cos90" time="3.353"/>
  <testcase classname="Trigonometry.cos_testcase" name="cospi" time="2.215"/>
  <testcase classname="Trigonometry.tan_testcase" name="tan30" time="3.333"/>
  <testcase classname="Trigonometry.tan_testcase" name="tan45" time="3.343"/>
  <testcase classname="Trigonometry.tan_testcase" name="tan60" time="3.351"/>
  <testcase classname="Trigonometry.tan_testcase" name="tan90" time="3.312"/>
  <testcase classname="Trigonometry.tan_testcase" name="tanpi" time="2.259"/>
</testsuite> <!-- Default test -->
