<?xml version="1.0" encoding="UTF-8"?>
<!-- Generated by org.testng.reporters.JUnitXMLReporter -->
<testsuite ignored="0" hostname="LAPTOP-DSUTNRT2" failures="0" tests="5" name="Test" time="42.98" errors="0" timestamp="2026-08-19T11:16:21 IST">
  <testcase classname="Trigonometry.cos_testcase" name="@BeforeMethod cos45" time="0.033">
    <failure type="org.openqa.selenium.NoSuchElementException" message="Unable to find element with locator By.xpath: //span[text()=&amp;apos;cos&amp;apos;]
For documentation on this error, please visit: https://www.selenium.dev/documentation/webdriver/troubleshooting/errors#no-such-element-exception
Build info: version: &amp;apos;4.35.0&amp;apos;, revision: &amp;apos;1c58e5028b&amp;apos;
System info: os.name: &amp;apos;Windows 11&amp;apos;, os.arch: &amp;apos;amd64&amp;apos;, os.version: &amp;apos;10.0&amp;apos;, java.version: &amp;apos;21.0.11&amp;apos;
Driver info: driver.version: RemoteWebDriver">
      <![CDATA[org.openqa.selenium.NoSuchElementException: Unable to find element with locator By.xpath: //span[text()='cos']
For documentation on this error, please visit: https://www.selenium.dev/documentation/webdriver/troubleshooting/errors#no-such-element-exception
Build info: version: '4.35.0', revision: '1c58e5028b'
System info: os.name: 'Windows 11', os.arch: 'amd64', os.version: '10.0', java.version: '21.0.11'
Driver info: driver.version: RemoteWebDriver
at org.openqa.selenium.remote.ElementLocation$ElementFinder$2.findElement(ElementLocation.java:168)
at org.openqa.selenium.remote.ElementLocation.findElement(ElementLocation.java:59)
at org.openqa.selenium.remote.RemoteWebDriver.findElement(RemoteWebDriver.java:380)
at org.openqa.selenium.remote.RemoteWebDriver.findElement(RemoteWebDriver.java:374)
at Trigonometry.cos_testcase.cos45(cos_testcase.java:39)
at java.base/java.util.ArrayList.forEach(ArrayList.java:1596)
... Removed 29 stack frames]]>
    </failure>
  </testcase> <!-- @BeforeMethod cos45 -->
  <testcase classname="Trigonometry.cos_testcase" name="@BeforeMethod cos60" time="0.0">
    <skipped/>
  </testcase> <!-- @BeforeMethod cos60 -->
  <testcase classname="Trigonometry.cos_testcase" name="@BeforeMethod cos90" time="0.0">
    <skipped/>
  </testcase> <!-- @BeforeMethod cos90 -->
  <testcase classname="Trigonometry.cos_testcase" name="@BeforeMethod cospi" time="0.0">
    <skipped/>
  </testcase> <!-- @BeforeMethod cospi -->
  <testcase classname="Trigonometry.cos_testcase" name="@BeforeMethod cos30" time="0.0">
    <skipped/>
  </testcase> <!-- @BeforeMethod cos30 -->
  <testcase classname="Trigonometry.cos_testcase" name="@BeforeMethod cos45" time="0.0">
    <skipped/>
  </testcase> <!-- @BeforeMethod cos45 -->
  <testcase classname="Trigonometry.cos_testcase" name="@BeforeMethod cos60" time="0.0">
    <skipped/>
  </testcase> <!-- @BeforeMethod cos60 -->
  <testcase classname="Trigonometry.cos_testcase" name="@BeforeMethod cos90" time="0.0">
    <skipped/>
  </testcase> <!-- @BeforeMethod cos90 -->
  <testcase classname="Trigonometry.cos_testcase" name="@BeforeMethod cospi" time="0.0">
    <skipped/>
  </testcase> <!-- @BeforeMethod cospi -->
  <testcase classname="Trigonometry.cos_testcase" name="@BeforeMethod cos30" time="0.0">
    <skipped/>
  </testcase> <!-- @BeforeMethod cos30 -->
  <testcase classname="Trigonometry.cos_testcase" name="@BeforeMethod cos45" time="0.0">
    <skipped/>
  </testcase> <!-- @BeforeMethod cos45 -->
  <testcase classname="Trigonometry.cos_testcase" name="@BeforeMethod cos60" time="0.0">
    <skipped/>
  </testcase> <!-- @BeforeMethod cos60 -->
  <testcase classname="Trigonometry.cos_testcase" name="@BeforeMethod cos90" time="0.0">
    <skipped/>
  </testcase> <!-- @BeforeMethod cos90 -->
  <testcase classname="Trigonometry.cos_testcase" name="@BeforeMethod cospi" time="0.0">
    <skipped/>
  </testcase> <!-- @BeforeMethod cospi -->
  <testcase classname="Trigonometry.cos_testcase" name="@BeforeMethod cos30" time="0.0">
    <skipped/>
  </testcase> <!-- @BeforeMethod cos30 -->
  <testcase classname="Trigonometry.cos_testcase" name="@BeforeMethod cos45" time="0.0">
    <skipped/>
  </testcase> <!-- @BeforeMethod cos45 -->
  <testcase classname="Trigonometry.cos_testcase" name="@BeforeMethod cos60" time="0.0">
    <skipped/>
  </testcase> <!-- @BeforeMethod cos60 -->
  <testcase classname="Trigonometry.cos_testcase" name="@BeforeMethod cos90" time="0.0">
    <skipped/>
  </testcase> <!-- @BeforeMethod cos90 -->
  <testcase classname="Trigonometry.cos_testcase" name="@BeforeMethod cospi" time="0.0">
    <skipped/>
  </testcase> <!-- @BeforeMethod cospi -->
  <testcase classname="Trigonometry.tan_testcase" name="tan30" time="3.351"/>
  <testcase classname="Trigonometry.tan_testcase" name="tan45" time="0.0">
    <skipped/>
  </testcase> <!-- tan45 -->
  <testcase classname="Trigonometry.tan_testcase" name="tan60" time="0.0">
    <skipped/>
  </testcase> <!-- tan60 -->
  <testcase classname="Trigonometry.tan_testcase" name="tan90" time="0.0">
    <skipped/>
  </testcase> <!-- tan90 -->
  <testcase classname="Trigonometry.tan_testcase" name="tanpi" time="0.0">
    <skipped/>
  </testcase> <!-- tanpi -->
</testsuite> <!-- Test -->
