<?xml version="1.0" encoding="UTF-8"?>
<!-- Generated by org.testng.reporters.JUnitReportReporter -->
<testsuite hostname="LAPTOP-DSUTNRT2" failures="0" tests="3" name="Trigonometry.tan_testcase" time="19.170" errors="0" timestamp="2026-08-18T20:27:13 IST" skipped="0">
  <testcase classname="Trigonometry.tan_testcase" name="tan90" time="6.831"/>
  <testcase classname="Trigonometry.tan_testcase" name="tan60" time="6.724"/>
  <testcase classname="Trigonometry.tan_testcase" name="tanpi" time="5.615"/>
</testsuite> <!-- Trigonometry.tan_testcase -->
