<?xml version="1.0" encoding="UTF-8"?>
<!-- Generated by org.testng.reporters.JUnitReportReporter -->
<testsuite hostname="LAPTOP-DSUTNRT2" failures="0" tests="6" name="Trigonometry.sin_testcase" time="24.360" errors="0" timestamp="2026-08-18T19:57:02 IST" skipped="0">
  <testcase classname="Trigonometry.sin_testcase" name="lounch" time="3.652"/>
  <testcase classname="Trigonometry.sin_testcase" name="sin30" time="4.394"/>
  <testcase classname="Trigonometry.sin_testcase" name="sin60" time="4.344"/>
  <testcase classname="Trigonometry.sin_testcase" name="sin45" time="4.381"/>
  <testcase classname="Trigonometry.sin_testcase" name="sin90" time="4.351"/>
  <testcase classname="Trigonometry.sin_testcase" name="sinpi" time="3.238"/>
</testsuite> <!-- Trigonometry.sin_testcase -->
